<?xml version="1.0" encoding="UTF-8"?>
<!-- Generated by org.testng.reporters.JUnitReportReporter -->
<testsuite hostname="LAPTOP-D0M08Q8V" failures="0" tests="1" name="com.PageObjectModel.registrationpage1" time="11.449" errors="0" timestamp="2021-12-05T11:35:41 IST" skipped="0">
  <testcase classname="com.PageObjectModel.registrationpage1" name="verifyRegistrationPage" time="11.449"/>
  <system-out/>
</testsuite> <!-- com.PageObjectModel.registrationpage1 -->
