<?xml version="1.0" encoding="UTF-8"?>
<!-- Generated by org.testng.reporters.JUnitReportReporter -->
<testsuite hostname="LAPTOP-D0M08Q8V" failures="0" tests="2" name="CrossBrowser" time="25.106" errors="0" timestamp="2021-12-05T17:21:52 IST" skipped="0">
  <testcase classname="CrossBrowser" name="verifyPageTitle" time="14.273"/>
  <system-out/>
  <testcase classname="CrossBrowser" name="verifyPageTitle" time="10.833"/>
  <system-out/>
</testsuite> <!-- CrossBrowser -->
