<?xml version="1.0" encoding="UTF-8"?>
<!-- Generated by org.testng.reporters.JUnitReportReporter -->
<testsuite hostname="LAPTOP-D0M08Q8V" failures="0" tests="2" name="com.basicspractices.radioboxesandcheckboxpractice" time="31.128" errors="0" timestamp="2021-12-06T15:31:31 IST" skipped="0">
  <testcase classname="com.basicspractices.radioboxesandcheckboxpractice" name="dynamicCheckboxSelection" time="13.643"/>
  <system-out/>
  <testcase classname="com.basicspractices.radioboxesandcheckboxpractice" name="dynamicRadioboxSelection" time="17.485"/>
  <system-out/>
</testsuite> <!-- com.basicspractices.radioboxesandcheckboxpractice -->
