<?xml version="1.0" encoding="UTF-8"?>
<!-- Generated by org.testng.reporters.JUnitReportReporter -->
<testsuite hostname="LAPTOP-D0M08Q8V" failures="0" tests="1" name="com.basicspractices.POExample1" time="16.738" errors="0" timestamp="2021-12-06T14:52:12 IST" skipped="0">
  <testcase classname="com.basicspractices.POExample1" name="verifyTextField" time="16.738"/>
  <system-out/>
</testsuite> <!-- com.basicspractices.POExample1 -->
